::1 - - [27/Sep/2025 07:16:26] "GET / HTTP/1.1" 200 -
::1 - - [27/Sep/2025 07:16:26] "GET /jscroot/index.js HTTP/1.1" 200 -
::1 - - [27/Sep/2025 07:16:26] "GET /jscroot/url/config.js HTTP/1.1" 200 -
::1 - - [27/Sep/2025 07:16:26] "GET /jscroot/controller/main.js HTTP/1.1" 200 -
::1 - - [27/Sep/2025 07:16:26] "GET /jscroot/url/content.js HTTP/1.1" 200 -
::1 - - [27/Sep/2025 07:16:26] code 404, message File not found
::1 - - [27/Sep/2025 07:16:26] "GET /assets/css/styles.css HTTP/1.1" 404 -
::1 - - [27/Sep/2025 07:16:26] "GET /jscroot/template/header.html HTTP/1.1" 200 -
::1 - - [27/Sep/2025 07:16:26] "GET /jscroot/template/content/home.html HTTP/1.1" 200 -
::1 - - [27/Sep/2025 07:16:26] "GET /jscroot/view/header.js HTTP/1.1" 200 -
::1 - - [27/Sep/2025 07:16:26] "GET /jscroot/view/content/home.js HTTP/1.1" 200 -
::1 - - [27/Sep/2025 07:16:26] code 404, message File not found
::1 - - [27/Sep/2025 07:16:26] "GET /login.html HTTP/1.1" 404 -
::1 - - [27/Sep/2025 07:16:26] "GET /jscroot/template/navbar.html HTTP/1.1" 200 -
::1 - - [27/Sep/2025 07:16:26] code 404, message File not found
::1 - - [27/Sep/2025 07:16:26] "GET /favicon.ico HTTP/1.1" 404 -
::1 - - [27/Sep/2025 07:16:26] "GET /jscroot/view/header.js HTTP/1.1" 200 -
::1 - - [27/Sep/2025 07:16:26] "GET /jscroot/view/content/home.js HTTP/1.1" 200 -
::1 - - [27/Sep/2025 07:16:42] code 404, message File not found
::1 - - [27/Sep/2025 07:16:42] "GET /login.html HTTP/1.1" 404 -
::1 - - [27/Sep/2025 07:16:45] "GET /jscroot/index.js HTTP/1.1" 200 -
::1 - - [27/Sep/2025 07:16:45] code 404, message File not found
::1 - - [27/Sep/2025 07:16:45] "GET /assets/css/styles.css HTTP/1.1" 404 -
::1 - - [27/Sep/2025 07:16:45] code 404, message File not found
::1 - - [27/Sep/2025 07:16:45] "GET /login.html HTTP/1.1" 404 -
::1 - - [27/Sep/2025 07:16:45] "GET /jscroot/url/config.js HTTP/1.1" 200 -
::1 - - [27/Sep/2025 07:16:45] "GET /jscroot/url/content.js HTTP/1.1" 200 -
::1 - - [27/Sep/2025 07:16:45] "GET /jscroot/controller/main.js HTTP/1.1" 200 -
::1 - - [27/Sep/2025 07:16:49] code 404, message File not found
::1 - - [27/Sep/2025 07:16:49] "GET /assets/css/styles.css HTTP/1.1" 404 -
::1 - - [27/Sep/2025 07:16:49] code 404, message File not found
::1 - - [27/Sep/2025 07:16:49] "GET /login.html HTTP/1.1" 404 -
::1 - - [27/Sep/2025 07:16:53] code 404, message File not found
::1 - - [27/Sep/2025 07:16:53] "GET /assets/css/styles.css HTTP/1.1" 404 -
::1 - - [27/Sep/2025 07:16:53] code 404, message File not found
::1 - - [27/Sep/2025 07:16:53] "GET /login.html HTTP/1.1" 404 -
::1 - - [27/Sep/2025 14:51:08] "GET / HTTP/1.1" 304 -
::1 - - [27/Sep/2025 14:51:08] "GET /jscroot/index.js HTTP/1.1" 200 -
::1 - - [27/Sep/2025 14:51:08] "GET /jscroot/url/content.js HTTP/1.1" 304 -
::1 - - [27/Sep/2025 14:51:08] "GET /jscroot/controller/main.js HTTP/1.1" 304 -
::1 - - [27/Sep/2025 14:51:08] "GET /jscroot/url/config.js HTTP/1.1" 304 -
::1 - - [27/Sep/2025 14:51:08] "GET /jscroot/template/header.html HTTP/1.1" 304 -
::1 - - [27/Sep/2025 14:51:08] "GET /assets/css/style.css HTTP/1.1" 200 -
::1 - - [27/Sep/2025 14:51:08] "GET /jscroot/template/content/home.html HTTP/1.1" 304 -
::1 - - [27/Sep/2025 14:51:08] "GET /jscroot/view/header.js HTTP/1.1" 200 -
::1 - - [27/Sep/2025 14:51:08] "GET /jscroot/view/content/home.js HTTP/1.1" 304 -
::1 - - [27/Sep/2025 14:51:08] "GET /jscroot/template/navbar.html HTTP/1.1" 304 -
::1 - - [27/Sep/2025 14:51:08] "GET /jscroot/template/content/auth.html HTTP/1.1" 200 -
::1 - - [27/Sep/2025 14:51:08] "GET /jscroot/view/navbar.js HTTP/1.1" 200 -
::1 - - [27/Sep/2025 14:51:08] "GET /jscroot/view/content/auth.js HTTP/1.1" 200 -
::1 - - [27/Sep/2025 14:51:09] code 404, message File not found
::1 - - [27/Sep/2025 14:51:09] "GET /jscroot/view/url/config.js HTTP/1.1" 404 -
::1 - - [27/Sep/2025 14:52:02] code 404, message File not found
::1 - - [27/Sep/2025 14:52:02] "GET /jscroot/view/url/config.js HTTP/1.1" 404 -
::1 - - [27/Sep/2025 14:52:08] "GET /jscroot/template/content/profile/accounts.html HTTP/1.1" 200 -
::1 - - [27/Sep/2025 14:52:08] "GET /jscroot/view/content/profile/accounts.js HTTP/1.1" 200 -
::1 - - [27/Sep/2025 14:52:10] "GET /jscroot/template/content/dashboard.html HTTP/1.1" 200 -
::1 - - [27/Sep/2025 14:52:10] "GET /jscroot/view/content/dashboard.js HTTP/1.1" 200 -
::1 - - [27/Sep/2025 14:52:10] code 404, message File not found
::1 - - [27/Sep/2025 14:52:10] "GET /jscroot/auth/auth.js HTTP/1.1" 404 -
::1 - - [27/Sep/2025 14:52:15] "GET /jscroot/template/content/profile/mail.html HTTP/1.1" 200 -
::1 - - [27/Sep/2025 14:52:15] "GET /jscroot/view/content/profile/mail.js HTTP/1.1" 200 -
::1 - - [27/Sep/2025 14:56:02] code 404, message File not found
::1 - - [27/Sep/2025 14:56:02] "GET /jscroot/view/url/config.js HTTP/1.1" 404 -
